2026-02-15 00:09:38,295 - INFO - Initializing BFSI Assistant...
2026-02-15 00:09:38,299 - INFO - Use pytorch device_name: cpu
2026-02-15 00:09:38,300 - INFO - Load pretrained SentenceTransformer: all-MiniLM-L6-v2
2026-02-15 00:09:39,042 - INFO - HTTP Request: HEAD https://huggingface.co/sentence-transformers/all-MiniLM-L6-v2/resolve/main/modules.json "HTTP/1.1 307 Temporary Redirect"
2026-02-15 00:09:39,043 - WARNING - Warning: You are sending unauthenticated requests to the HF Hub. Please set a HF_TOKEN to enable higher rate limits and faster downloads.
2026-02-15 00:09:39,245 - INFO - HTTP Request: HEAD https://huggingface.co/api/resolve-cache/models/sentence-transformers/all-MiniLM-L6-v2/c9745ed1d9f207416be6d2e6f8de32d1f16199bf/modules.json "HTTP/1.1 200 OK"
2026-02-15 00:09:39,559 - INFO - HTTP Request: HEAD https://huggingface.co/sentence-transformers/all-MiniLM-L6-v2/resolve/main/config_sentence_transformers.json "HTTP/1.1 307 Temporary Redirect"
2026-02-15 00:09:39,651 - INFO - HTTP Request: HEAD https://huggingface.co/api/resolve-cache/models/sentence-transformers/all-MiniLM-L6-v2/c9745ed1d9f207416be6d2e6f8de32d1f16199bf/config_sentence_transformers.json "HTTP/1.1 200 OK"
2026-02-15 00:09:40,061 - INFO - HTTP Request: HEAD https://huggingface.co/sentence-transformers/all-MiniLM-L6-v2/resolve/main/README.md "HTTP/1.1 307 Temporary Redirect"
2026-02-15 00:09:40,510 - INFO - HTTP Request: HEAD https://huggingface.co/api/resolve-cache/models/sentence-transformers/all-MiniLM-L6-v2/c9745ed1d9f207416be6d2e6f8de32d1f16199bf/README.md "HTTP/1.1 200 OK"
2026-02-15 00:09:40,988 - INFO - HTTP Request: HEAD https://huggingface.co/sentence-transformers/all-MiniLM-L6-v2/resolve/main/modules.json "HTTP/1.1 307 Temporary Redirect"
2026-02-15 00:09:41,043 - INFO - HTTP Request: HEAD https://huggingface.co/api/resolve-cache/models/sentence-transformers/all-MiniLM-L6-v2/c9745ed1d9f207416be6d2e6f8de32d1f16199bf/modules.json "HTTP/1.1 200 OK"
2026-02-15 00:09:41,904 - INFO - HTTP Request: HEAD https://huggingface.co/sentence-transformers/all-MiniLM-L6-v2/resolve/main/sentence_bert_config.json "HTTP/1.1 307 Temporary Redirect"
2026-02-15 00:09:42,115 - INFO - HTTP Request: HEAD https://huggingface.co/api/resolve-cache/models/sentence-transformers/all-MiniLM-L6-v2/c9745ed1d9f207416be6d2e6f8de32d1f16199bf/sentence_bert_config.json "HTTP/1.1 200 OK"
2026-02-15 00:09:42,721 - INFO - HTTP Request: HEAD https://huggingface.co/sentence-transformers/all-MiniLM-L6-v2/resolve/main/config.json "HTTP/1.1 307 Temporary Redirect"
2026-02-15 00:09:43,063 - INFO - HTTP Request: HEAD https://huggingface.co/api/resolve-cache/models/sentence-transformers/all-MiniLM-L6-v2/c9745ed1d9f207416be6d2e6f8de32d1f16199bf/config.json "HTTP/1.1 200 OK"
2026-02-15 00:09:43,443 - INFO - HTTP Request: HEAD https://huggingface.co/sentence-transformers/all-MiniLM-L6-v2/resolve/main/config.json "HTTP/1.1 307 Temporary Redirect"
2026-02-15 00:09:43,555 - INFO - HTTP Request: HEAD https://huggingface.co/api/resolve-cache/models/sentence-transformers/all-MiniLM-L6-v2/c9745ed1d9f207416be6d2e6f8de32d1f16199bf/config.json "HTTP/1.1 200 OK"
2026-02-15 00:09:44,061 - INFO - HTTP Request: HEAD https://huggingface.co/sentence-transformers/all-MiniLM-L6-v2/resolve/main/config.json "HTTP/1.1 307 Temporary Redirect"
2026-02-15 00:09:44,365 - INFO - HTTP Request: HEAD https://huggingface.co/api/resolve-cache/models/sentence-transformers/all-MiniLM-L6-v2/c9745ed1d9f207416be6d2e6f8de32d1f16199bf/config.json "HTTP/1.1 200 OK"
2026-02-15 00:09:44,770 - INFO - HTTP Request: HEAD https://huggingface.co/sentence-transformers/all-MiniLM-L6-v2/resolve/main/tokenizer_config.json "HTTP/1.1 307 Temporary Redirect"
2026-02-15 00:09:44,878 - INFO - HTTP Request: HEAD https://huggingface.co/api/resolve-cache/models/sentence-transformers/all-MiniLM-L6-v2/c9745ed1d9f207416be6d2e6f8de32d1f16199bf/tokenizer_config.json "HTTP/1.1 200 OK"
2026-02-15 00:09:45,282 - INFO - HTTP Request: GET https://huggingface.co/api/models/sentence-transformers/all-MiniLM-L6-v2/tree/main/additional_chat_templates?recursive=false&expand=false "HTTP/1.1 404 Not Found"
2026-02-15 00:09:45,692 - INFO - HTTP Request: GET https://huggingface.co/api/models/sentence-transformers/all-MiniLM-L6-v2/tree/main?recursive=true&expand=false "HTTP/1.1 200 OK"
2026-02-15 00:09:46,101 - INFO - HTTP Request: GET https://huggingface.co/api/models/sentence-transformers/all-MiniLM-L6-v2/revision/main "HTTP/1.1 200 OK"
2026-02-15 00:09:46,522 - INFO - HTTP Request: GET https://huggingface.co/api/models/sentence-transformers/all-MiniLM-L6-v2 "HTTP/1.1 200 OK"
2026-02-15 00:09:47,022 - INFO - HTTP Request: HEAD https://huggingface.co/unsloth/tinyllama-chat-bnb-4bit/resolve/main/config.json "HTTP/1.1 307 Temporary Redirect"
2026-02-15 00:09:47,438 - INFO - HTTP Request: HEAD https://huggingface.co/api/resolve-cache/models/unsloth/tinyllama-chat-bnb-4bit/effb5dc8248c9270b0db975639c17084417180a7/config.json "HTTP/1.1 200 OK"
2026-02-15 00:09:47,752 - INFO - HTTP Request: GET https://huggingface.co/api/resolve-cache/models/unsloth/tinyllama-chat-bnb-4bit/effb5dc8248c9270b0db975639c17084417180a7/config.json "HTTP/1.1 200 OK"
2026-02-15 00:09:48,150 - INFO - HTTP Request: HEAD https://huggingface.co/unsloth/tinyllama-chat-bnb-4bit/resolve/main/tokenizer_config.json "HTTP/1.1 307 Temporary Redirect"
2026-02-15 00:09:48,578 - INFO - HTTP Request: HEAD https://huggingface.co/api/resolve-cache/models/unsloth/tinyllama-chat-bnb-4bit/effb5dc8248c9270b0db975639c17084417180a7/tokenizer_config.json "HTTP/1.1 200 OK"
2026-02-15 00:09:48,859 - INFO - HTTP Request: GET https://huggingface.co/api/resolve-cache/models/unsloth/tinyllama-chat-bnb-4bit/effb5dc8248c9270b0db975639c17084417180a7/tokenizer_config.json "HTTP/1.1 200 OK"
2026-02-15 00:09:49,276 - INFO - HTTP Request: HEAD https://huggingface.co/unsloth/tinyllama-chat-bnb-4bit/resolve/main/tokenizer_config.json "HTTP/1.1 307 Temporary Redirect"
2026-02-15 00:09:49,380 - INFO - HTTP Request: HEAD https://huggingface.co/api/resolve-cache/models/unsloth/tinyllama-chat-bnb-4bit/effb5dc8248c9270b0db975639c17084417180a7/tokenizer_config.json "HTTP/1.1 200 OK"
2026-02-15 00:09:49,907 - INFO - HTTP Request: GET https://huggingface.co/api/models/unsloth/tinyllama-chat-bnb-4bit/tree/main/additional_chat_templates?recursive=false&expand=false "HTTP/1.1 404 Not Found"
2026-02-15 00:09:50,311 - INFO - HTTP Request: GET https://huggingface.co/api/models/unsloth/tinyllama-chat-bnb-4bit/tree/main?recursive=true&expand=false "HTTP/1.1 200 OK"
2026-02-15 00:09:50,738 - INFO - HTTP Request: HEAD https://huggingface.co/unsloth/tinyllama-chat-bnb-4bit/resolve/main/tokenizer.json "HTTP/1.1 307 Temporary Redirect"
2026-02-15 00:09:51,130 - INFO - HTTP Request: HEAD https://huggingface.co/api/resolve-cache/models/unsloth/tinyllama-chat-bnb-4bit/effb5dc8248c9270b0db975639c17084417180a7/tokenizer.json "HTTP/1.1 200 OK"
2026-02-15 00:09:51,531 - INFO - HTTP Request: GET https://huggingface.co/api/resolve-cache/models/unsloth/tinyllama-chat-bnb-4bit/effb5dc8248c9270b0db975639c17084417180a7/tokenizer.json "HTTP/1.1 200 OK"
2026-02-15 00:09:53,599 - INFO - HTTP Request: HEAD https://huggingface.co/unsloth/tinyllama-chat-bnb-4bit/resolve/main/tokenizer.model "HTTP/1.1 302 Found"
2026-02-15 00:09:54,193 - INFO - HTTP Request: GET https://huggingface.co/api/models/unsloth/tinyllama-chat-bnb-4bit/xet-read-token/effb5dc8248c9270b0db975639c17084417180a7 "HTTP/1.1 200 OK"
2026-02-15 00:09:58,507 - INFO - HTTP Request: HEAD https://huggingface.co/unsloth/tinyllama-chat-bnb-4bit/resolve/main/added_tokens.json "HTTP/1.1 404 Not Found"
2026-02-15 00:09:58,912 - INFO - HTTP Request: HEAD https://huggingface.co/unsloth/tinyllama-chat-bnb-4bit/resolve/main/special_tokens_map.json "HTTP/1.1 307 Temporary Redirect"
2026-02-15 00:09:59,265 - INFO - HTTP Request: HEAD https://huggingface.co/api/resolve-cache/models/unsloth/tinyllama-chat-bnb-4bit/effb5dc8248c9270b0db975639c17084417180a7/special_tokens_map.json "HTTP/1.1 200 OK"
2026-02-15 00:09:59,634 - INFO - HTTP Request: GET https://huggingface.co/api/resolve-cache/models/unsloth/tinyllama-chat-bnb-4bit/effb5dc8248c9270b0db975639c17084417180a7/special_tokens_map.json "HTTP/1.1 200 OK"
2026-02-15 00:10:00,131 - INFO - HTTP Request: HEAD https://huggingface.co/unsloth/tinyllama-chat-bnb-4bit/resolve/main/chat_template.jinja "HTTP/1.1 404 Not Found"
2026-02-15 00:10:00,746 - INFO - HTTP Request: HEAD https://huggingface.co/unsloth/tinyllama-chat-bnb-4bit/resolve/main/config.json "HTTP/1.1 307 Temporary Redirect"
2026-02-15 00:10:00,779 - INFO - HTTP Request: HEAD https://huggingface.co/api/resolve-cache/models/unsloth/tinyllama-chat-bnb-4bit/effb5dc8248c9270b0db975639c17084417180a7/config.json "HTTP/1.1 200 OK"
2026-02-15 00:10:01,178 - INFO - HTTP Request: HEAD https://huggingface.co/unsloth/tinyllama-chat-bnb-4bit/resolve/main/adapter_config.json "HTTP/1.1 404 Not Found"
2026-02-15 00:10:01,563 - INFO - HTTP Request: HEAD https://huggingface.co/unsloth/tinyllama-chat-bnb-4bit/resolve/main/config.json "HTTP/1.1 307 Temporary Redirect"
2026-02-15 00:10:01,602 - INFO - HTTP Request: HEAD https://huggingface.co/api/resolve-cache/models/unsloth/tinyllama-chat-bnb-4bit/effb5dc8248c9270b0db975639c17084417180a7/config.json "HTTP/1.1 200 OK"
